2021-02-28 12:58:39 [main] INFO  com.java8learn.string.StringFindTextMatches - Match Found = true
2021-02-28 13:01:14 [main] INFO  com.java8learn.string.StringFindTextMatches - Match Found = true
2021-02-28 13:01:14 [main] INFO  com.java8learn.string.StringFindTextMatches - Match Found = false
2021-02-28 13:11:49 [main] INFO  com.java8learn.string.StringFindTextMatches - Match Found = true
2021-02-28 13:11:49 [main] INFO  com.java8learn.string.StringFindTextMatches - Match Found = false
2021-02-28 13:12:04 [main] INFO  com.java8learn.string.StringFindTextMatches - Match Found = true
2021-02-28 13:12:04 [main] INFO  com.java8learn.string.StringFindTextMatches - Match Found = false
2021-02-28 13:12:04 [main] INFO  com.java8learn.string.StringFindTextMatches - Match Found = true
2021-02-28 13:15:14 [main] INFO  com.java8learn.string.StringFindTextMatches - Match Found = true
2021-02-28 13:15:14 [main] INFO  com.java8learn.string.StringFindTextMatches - Match Found = false
2021-02-28 13:15:14 [main] INFO  com.java8learn.string.StringFindTextMatches - Match Found = true
2021-02-28 13:15:14 [main] INFO  com.java8learn.string.StringFindTextMatches - Match Found = true
2021-02-28 13:15:28 [main] INFO  com.java8learn.string.StringFindTextMatches - Match Found = true
2021-02-28 13:15:28 [main] INFO  com.java8learn.string.StringFindTextMatches - Match Found = false
2021-02-28 13:15:28 [main] INFO  com.java8learn.string.StringFindTextMatches - Match Found = true
2021-02-28 13:15:28 [main] INFO  com.java8learn.string.StringFindTextMatches - Match Found = true
2021-02-28 13:15:28 [main] INFO  com.java8learn.string.StringFindTextMatches - Match Found = true
2021-02-28 14:20:04 [main] INFO  com.java8learn.string.StringFindTextMatches - Match Found = true
2021-02-28 14:20:04 [main] INFO  com.java8learn.string.StringFindTextMatches - Match Found = false
2021-02-28 14:20:04 [main] INFO  com.java8learn.string.StringFindTextMatches - Match Found = true
2021-02-28 14:20:04 [main] INFO  com.java8learn.string.StringFindTextMatches - Match Found = true
2021-02-28 14:20:04 [main] INFO  com.java8learn.string.StringFindTextMatches - Match Found = true
2021-02-28 14:20:04 [main] INFO  com.java8learn.string.StringFindTextMatches - Match Found = false
2021-02-28 14:20:15 [main] INFO  com.java8learn.string.StringFindTextMatches - Match Found = true
2021-02-28 14:20:15 [main] INFO  com.java8learn.string.StringFindTextMatches - Match Found = false
2021-02-28 14:20:15 [main] INFO  com.java8learn.string.StringFindTextMatches - Match Found = true
2021-02-28 14:20:15 [main] INFO  com.java8learn.string.StringFindTextMatches - Match Found = true
2021-02-28 14:20:15 [main] INFO  com.java8learn.string.StringFindTextMatches - Match Found = true
2021-02-28 14:20:15 [main] INFO  com.java8learn.string.StringFindTextMatches - Match Found = false
2021-02-28 14:20:26 [main] INFO  com.java8learn.string.StringFindTextMatches - Match Found = true
2021-02-28 14:20:26 [main] INFO  com.java8learn.string.StringFindTextMatches - Match Found = false
2021-02-28 14:20:26 [main] INFO  com.java8learn.string.StringFindTextMatches - Match Found = true
2021-02-28 14:20:26 [main] INFO  com.java8learn.string.StringFindTextMatches - Match Found = true
2021-02-28 14:20:26 [main] INFO  com.java8learn.string.StringFindTextMatches - Match Found = true
2021-02-28 14:20:26 [main] INFO  com.java8learn.string.StringFindTextMatches - Match Found = false
2021-02-28 14:20:33 [main] INFO  com.java8learn.string.StringFindTextMatches - Match Found = true
2021-02-28 14:20:33 [main] INFO  com.java8learn.string.StringFindTextMatches - Match Found = false
2021-02-28 14:20:33 [main] INFO  com.java8learn.string.StringFindTextMatches - Match Found = true
2021-02-28 14:20:33 [main] INFO  com.java8learn.string.StringFindTextMatches - Match Found = true
2021-02-28 14:20:33 [main] INFO  com.java8learn.string.StringFindTextMatches - Match Found = true
2021-02-28 14:20:33 [main] INFO  com.java8learn.string.StringFindTextMatches - Match Found = false
2021-02-28 14:21:11 [main] INFO  com.java8learn.string.StringFindTextMatches - Match Found = true
2021-02-28 14:21:11 [main] INFO  com.java8learn.string.StringFindTextMatches - Match Found = false
2021-02-28 14:21:11 [main] INFO  com.java8learn.string.StringFindTextMatches - Match Found = true
2021-02-28 14:21:11 [main] INFO  com.java8learn.string.StringFindTextMatches - Match Found = true
2021-02-28 14:21:11 [main] INFO  com.java8learn.string.StringFindTextMatches - Match Found = true
2021-02-28 14:21:11 [main] INFO  com.java8learn.string.StringFindTextMatches - Match Found = true
2021-02-28 14:21:35 [main] INFO  com.java8learn.string.StringFindTextMatches - Match Found = true
2021-02-28 14:21:35 [main] INFO  com.java8learn.string.StringFindTextMatches - Match Found = false
2021-02-28 14:21:35 [main] INFO  com.java8learn.string.StringFindTextMatches - Match Found = true
2021-02-28 14:21:35 [main] INFO  com.java8learn.string.StringFindTextMatches - Match Found = true
2021-02-28 14:21:35 [main] INFO  com.java8learn.string.StringFindTextMatches - Match Found = true
2021-02-28 14:21:35 [main] INFO  com.java8learn.string.StringFindTextMatches - Match Found = true
2021-02-28 14:21:46 [main] INFO  com.java8learn.string.StringFindTextMatches - Match Found = true
2021-02-28 14:21:46 [main] INFO  com.java8learn.string.StringFindTextMatches - Match Found = false
2021-02-28 14:21:46 [main] INFO  com.java8learn.string.StringFindTextMatches - Match Found = true
2021-02-28 14:21:46 [main] INFO  com.java8learn.string.StringFindTextMatches - Match Found = true
2021-02-28 14:21:46 [main] INFO  com.java8learn.string.StringFindTextMatches - Match Found = true
2021-02-28 14:21:46 [main] INFO  com.java8learn.string.StringFindTextMatches - Match Found = false
2021-02-28 14:22:37 [main] INFO  com.java8learn.string.StringFindTextMatches - Match Found = true
2021-02-28 14:22:37 [main] INFO  com.java8learn.string.StringFindTextMatches - Match Found = false
2021-02-28 14:22:37 [main] INFO  com.java8learn.string.StringFindTextMatches - Match Found = true
2021-02-28 14:22:37 [main] INFO  com.java8learn.string.StringFindTextMatches - Match Found = true
2021-02-28 14:22:37 [main] INFO  com.java8learn.string.StringFindTextMatches - Match Found = true
2021-02-28 14:22:37 [main] INFO  com.java8learn.string.StringFindTextMatches - Match Found = true
2021-02-28 14:22:47 [main] INFO  com.java8learn.string.StringFindTextMatches - Match Found = true
2021-02-28 14:22:47 [main] INFO  com.java8learn.string.StringFindTextMatches - Match Found = false
2021-02-28 14:22:47 [main] INFO  com.java8learn.string.StringFindTextMatches - Match Found = true
2021-02-28 14:22:47 [main] INFO  com.java8learn.string.StringFindTextMatches - Match Found = true
2021-02-28 14:22:47 [main] INFO  com.java8learn.string.StringFindTextMatches - Match Found = true
2021-02-28 14:22:47 [main] INFO  com.java8learn.string.StringFindTextMatches - Match Found = false
2021-02-28 14:26:39 [main] INFO  com.java8learn.string.StringFindTextMatches - Match Found = true
2021-02-28 14:26:39 [main] INFO  com.java8learn.string.StringFindTextMatches - Match Found = false
2021-02-28 14:26:39 [main] INFO  com.java8learn.string.StringFindTextMatches - Match Found = true
2021-02-28 14:26:39 [main] INFO  com.java8learn.string.StringFindTextMatches - Match Found = true
2021-02-28 14:26:39 [main] INFO  com.java8learn.string.StringFindTextMatches - Match Found = true
2021-02-28 14:26:39 [main] INFO  com.java8learn.string.StringFindTextMatches - Match Found = true
2021-02-28 15:01:31 [main] INFO  com.java8learn.string.StringPatternDemo - Match Found : true
2021-02-28 16:50:29 [main] ERROR com.java8learn.string.StringPatternDetermineFileEndsWithExtension - Not Implemented Yet
2021-02-28 16:54:03 [main] ERROR com.java8learn.string.StringPatternDetermineFileEndsWithExtension - Not Implemented Yet
2021-02-28 16:54:14 [main] ERROR com.java8learn.string.StringPatternDetermineFileEndsWithExtension - Not Implemented Yet
2021-02-28 16:54:28 [main] ERROR com.java8learn.string.StringPatternDetermineFileEndsWithExtension - Not Implemented Yet
2021-02-28 16:58:23 [main] ERROR com.java8learn.string.StringPatternDetermineFileEndsWithExtension - Not Implemented Yet
2021-02-28 16:59:18 [main] ERROR com.java8learn.string.StringPatternDetermineFileEndsWithExtension - Not Implemented Yet
2021-02-28 16:59:32 [main] ERROR com.java8learn.string.StringPatternDetermineFileEndsWithExtension - Not Implemented Yet
2021-02-28 22:37:30 [main] INFO  com.java8learn.numbersAndDates.DemoRoundFloatAndLong - myFloat = 10.4497 and roundFloatToInt = 10
2021-02-28 22:37:30 [main] INFO  com.java8learn.numbersAndDates.DemoRoundFloatAndLong - myDouble = 10.4497 and roundDoubleToLong = 10
2021-02-28 22:40:16 [main] INFO  com.java8learn.numbersAndDates.DemoRoundFloatAndLong - myFloat = 10.4497 and roundFloatToInt = 10
2021-02-28 22:40:16 [main] INFO  com.java8learn.numbersAndDates.DemoRoundFloatAndLong - myDouble = 10.4497 and roundDoubleToLong = 10
2021-02-28 22:40:16 [main] INFO  com.java8learn.numbersAndDates.DemoRoundFloatAndLong - myFloat = 10.889 and roundFloatToInt = 11
2021-02-28 22:40:16 [main] INFO  com.java8learn.numbersAndDates.DemoRoundFloatAndLong - myDouble = 10.889 and roundDoubleToLong = 11
2021-02-28 22:51:28 [main] INFO  com.java8learn.numbersAndDates.DemoFormatDoubleAndLong - formatted value of 345.9372 is = 
2021-02-28 22:51:28 [main] INFO  com.java8learn.numbersAndDates.DemoFormatDoubleAndLong - 345.937
2021-02-28 22:53:04 [main] INFO  com.java8learn.numbersAndDates.DemoFormatDoubleAndLong - formatted value of 345.9372 is = 345.937
2021-02-28 22:54:03 [main] INFO  com.java8learn.numbersAndDates.DemoFormatDoubleAndLong - formatted value of 345.9372 is = 345.937
2021-02-28 22:54:03 [main] INFO  com.java8learn.numbersAndDates.DemoFormatDoubleAndLong - formatted value of 345.9372 is = 1.938
2021-02-28 22:58:21 [main] INFO  com.java8learn.numbersAndDates.DemoFormatDoubleAndLong - formatted value of 345.9372 is = 345.937
2021-02-28 22:58:21 [main] INFO  com.java8learn.numbersAndDates.DemoFormatDoubleAndLong - formatted value of 345.9378 is = 345.938
2021-02-28 22:58:21 [main] INFO  com.java8learn.numbersAndDates.DemoFormatDoubleAndLong - formatted value of .7697 is = .770
